nohup: ignoring input
✅ ML modules loaded successfully
============================================================
🐍 Python Resume Analysis Service
============================================================
ML Enabled: ✅ Yes
Server running on: http://localhost:5000
Endpoints:
  GET  /health - Health check
  POST /api/extract-text - Extract text from PDF
  POST /api/analyze-text - Analyze resume text (rule-based)
  POST /api/analyze-pdf - Complete analysis pipeline (rule-based)
  POST /api/ml/analyze-text - Analyze resume text (ML)
  POST /api/ml/analyze-pdf - Complete analysis pipeline (ML)
  POST /api/ml/match-job - Match resume to job (ML)
  POST /api/ml/batch-match-jobs - Batch match jobs (ML)
============================================================
 * Serving Flask app 'app'
 * Debug mode: on
[31m[1mWARNING: This is a development server. Do not use it in a production deployment. Use a production WSGI server instead.[0m
 * Running on all addresses (0.0.0.0)
 * Running on http://127.0.0.1:5000
 * Running on http://192.168.1.15:5000
[33mPress CTRL+C to quit[0m
 * Restarting with stat
 * Debugger is active!
 * Debugger PIN: 886-301-373
 * Detected change in '/home/mylappy/Desktop/designproject/resume/backend/python/resume_analyzer_ml.py', reloading
✅ ML modules loaded successfully
============================================================
🐍 Python Resume Analysis Service
============================================================
ML Enabled: ✅ Yes
Server running on: http://localhost:5000
Endpoints:
  GET  /health - Health check
  POST /api/extract-text - Extract text from PDF
  POST /api/analyze-text - Analyze resume text (rule-based)
  POST /api/analyze-pdf - Complete analysis pipeline (rule-based)
  POST /api/ml/analyze-text - Analyze resume text (ML)
  POST /api/ml/analyze-pdf - Complete analysis pipeline (ML)
  POST /api/ml/match-job - Match resume to job (ML)
  POST /api/ml/batch-match-jobs - Batch match jobs (ML)
============================================================
 * Restarting with stat
 * Debugger is active!
 * Debugger PIN: 886-301-373
 * Detected change in '/home/mylappy/Desktop/designproject/resume/backend/python/resume_analyzer_ml.py', reloading
✅ ML modules loaded successfully
============================================================
🐍 Python Resume Analysis Service
============================================================
ML Enabled: ✅ Yes
Server running on: http://localhost:5000
Endpoints:
  GET  /health - Health check
  POST /api/extract-text - Extract text from PDF
  POST /api/analyze-text - Analyze resume text (rule-based)
  POST /api/analyze-pdf - Complete analysis pipeline (rule-based)
  POST /api/ml/analyze-text - Analyze resume text (ML)
  POST /api/ml/analyze-pdf - Complete analysis pipeline (ML)
  POST /api/ml/match-job - Match resume to job (ML)
  POST /api/ml/batch-match-jobs - Batch match jobs (ML)
============================================================
 * Restarting with stat
 * Debugger is active!
 * Debugger PIN: 886-301-373
 * Detected change in '/home/mylappy/Desktop/designproject/resume/backend/python/resume_analyzer_ml.py', reloading
✅ ML modules loaded successfully
============================================================
🐍 Python Resume Analysis Service
============================================================
ML Enabled: ✅ Yes
Server running on: http://localhost:5000
Endpoints:
  GET  /health - Health check
  POST /api/extract-text - Extract text from PDF
  POST /api/analyze-text - Analyze resume text (rule-based)
  POST /api/analyze-pdf - Complete analysis pipeline (rule-based)
  POST /api/ml/analyze-text - Analyze resume text (ML)
  POST /api/ml/analyze-pdf - Complete analysis pipeline (ML)
  POST /api/ml/match-job - Match resume to job (ML)
  POST /api/ml/batch-match-jobs - Batch match jobs (ML)
============================================================
